  Hang.c
C:\Users\betty\Desktop\Github\C\C-programming\C-homework\행렬\행렬\Hang.c(3,38): error C2057: 상수 식이 필요합니다.
C:\Users\betty\Desktop\Github\C\C-programming\C-homework\행렬\행렬\Hang.c(3,38): error C2466: 상수 크기 0의 배열을 할당할 수 없습니다.
C:\Users\betty\Desktop\Github\C\C-programming\C-homework\행렬\행렬\Hang.c(3,38): error C2087: 'a': 첨자가 없습니다.
C:\Users\betty\Desktop\Github\C\C-programming\C-homework\행렬\행렬\Hang.c(13,40): error C2057: 상수 식이 필요합니다.
C:\Users\betty\Desktop\Github\C\C-programming\C-homework\행렬\행렬\Hang.c(13,40): error C2466: 상수 크기 0의 배열을 할당할 수 없습니다.
C:\Users\betty\Desktop\Github\C\C-programming\C-homework\행렬\행렬\Hang.c(13,40): error C2087: 'a': 첨자가 없습니다.
C:\Users\betty\Desktop\Github\C\C-programming\C-homework\행렬\행렬\Hang.c(23,17): error C2057: 상수 식이 필요합니다.
C:\Users\betty\Desktop\Github\C\C-programming\C-homework\행렬\행렬\Hang.c(23,17): error C2466: 상수 크기 0의 배열을 할당할 수 없습니다.
C:\Users\betty\Desktop\Github\C\C-programming\C-homework\행렬\행렬\Hang.c(23,20): error C2057: 상수 식이 필요합니다.
C:\Users\betty\Desktop\Github\C\C-programming\C-homework\행렬\행렬\Hang.c(23,20): error C2466: 상수 크기 0의 배열을 할당할 수 없습니다.
C:\Users\betty\Desktop\Github\C\C-programming\C-homework\행렬\행렬\Hang.c(23,20): error C2087: 'adj': 첨자가 없습니다.
C:\Users\betty\Desktop\Github\C\C-programming\C-homework\행렬\행렬\Hang.c(23,21): error C2133: 'adj': 알 수 없는 크기입니다.
C:\Users\betty\Desktop\Github\C\C-programming\C-homework\행렬\행렬\Hang.c(35,17): error C2057: 상수 식이 필요합니다.
C:\Users\betty\Desktop\Github\C\C-programming\C-homework\행렬\행렬\Hang.c(35,17): error C2466: 상수 크기 0의 배열을 할당할 수 없습니다.
C:\Users\betty\Desktop\Github\C\C-programming\C-homework\행렬\행렬\Hang.c(35,20): error C2057: 상수 식이 필요합니다.
C:\Users\betty\Desktop\Github\C\C-programming\C-homework\행렬\행렬\Hang.c(35,20): error C2466: 상수 크기 0의 배열을 할당할 수 없습니다.
C:\Users\betty\Desktop\Github\C\C-programming\C-homework\행렬\행렬\Hang.c(35,20): error C2087: 'inv': 첨자가 없습니다.
C:\Users\betty\Desktop\Github\C\C-programming\C-homework\행렬\행렬\Hang.c(35,21): error C2133: 'inv': 알 수 없는 크기입니다.
C:\Users\betty\Desktop\Github\C\C-programming\C-homework\행렬\행렬\Hang.c(54,22): warning C4048: 배열 첨자가 다릅니다. 'double (*)[1]'과(와) 'double [3][3]'
C:\Users\betty\Desktop\Github\C\C-programming\C-homework\행렬\행렬\Hang.c(56,24): warning C4048: 배열 첨자가 다릅니다. 'double (*)[1]'과(와) 'double [3][3]'
C:\Users\betty\Desktop\Github\C\C-programming\C-homework\행렬\행렬\Hang.c(50,13): error C4996: 'scanf': This function or variable may be unsafe. Consider using scanf_s instead. To disable deprecation, use _CRT_SECURE_NO_WARNINGS. See online help for details.
